<?xml version="1.0" encoding="UTF-8"?>
<testng-results ignored="0" total="14" passed="14" failed="0" skipped="0">
  <reporter-output>
  </reporter-output>
  <suite started-at="2026-04-10T23:40:20 IST" name="Default suite" finished-at="2026-04-10T23:40:29 IST" duration-ms="9167">
    <groups>
      <group name="cucumber">
        <method signature="AbstractTestNGCucumberTests.runScenario(io.cucumber.testng.PickleWrapper,io.cucumber.testng.FeatureWrapper)[pri:0, instance:com.automation.runners.TestRunner@60d8c0dc]" name="runScenario" class="io.cucumber.testng.AbstractTestNGCucumberTests"/>
      </group> <!-- cucumber -->
    </groups>
    <test started-at="2026-04-10T23:40:20 IST" name="Default test" finished-at="2026-04-10T23:40:29 IST" duration-ms="9167">
      <class name="com.automation.runners.TestRunner">
        <test-method is-config="true" signature="setUpClass(org.testng.ITestContext)[pri:0, instance:com.automation.runners.TestRunner@60d8c0dc]" started-at="2026-04-10T23:40:20 IST" name="setUpClass" finished-at="2026-04-10T23:40:21 IST" duration-ms="905" status="PASS">
          <params>
            <param index="0">
              <value>
                <![CDATA[org.testng.TestRunner@7a8e484b]]>
              </value>
            </param>
          </params>
          <reporter-output>
          </reporter-output>
        </test-method> <!-- setUpClass -->
        <test-method signature="runScenario(io.cucumber.testng.PickleWrapper,io.cucumber.testng.FeatureWrapper)[pri:0, instance:com.automation.runners.TestRunner@60d8c0dc]" started-at="2026-04-10T23:40:21 IST" name="runScenario" description="Runs Cucumber Scenarios" data-provider="scenarios" finished-at="2026-04-10T23:40:26 IST" duration-ms="5369" status="PASS">
          <params>
            <param index="0">
              <value>
                <![CDATA["Successfully created a user with valid payload"]]>
              </value>
            </param>
            <param index="1">
              <value>
                <![CDATA["Create User"]]>
              </value>
            </param>
          </params>
          <reporter-output>
          </reporter-output>
        </test-method> <!-- runScenario -->
        <test-method signature="runScenario(io.cucumber.testng.PickleWrapper,io.cucumber.testng.FeatureWrapper)[pri:0, instance:com.automation.runners.TestRunner@60d8c0dc]" started-at="2026-04-10T23:40:26 IST" name="runScenario" description="Runs Cucumber Scenarios" data-provider="scenarios" finished-at="2026-04-10T23:40:26 IST" duration-ms="219" status="PASS">
          <params>
            <param index="0">
              <value>
                <![CDATA["Create a user with explicit name and job"]]>
              </value>
            </param>
            <param index="1">
              <value>
                <![CDATA["Create User"]]>
              </value>
            </param>
          </params>
          <reporter-output>
          </reporter-output>
        </test-method> <!-- runScenario -->
        <test-method signature="runScenario(io.cucumber.testng.PickleWrapper,io.cucumber.testng.FeatureWrapper)[pri:0, instance:com.automation.runners.TestRunner@60d8c0dc]" started-at="2026-04-10T23:40:26 IST" name="runScenario" description="Runs Cucumber Scenarios" data-provider="scenarios" finished-at="2026-04-10T23:40:27 IST" duration-ms="278" status="PASS">
          <params>
            <param index="0">
              <value>
                <![CDATA["Create multiple users with different roles"]]>
              </value>
            </param>
            <param index="1">
              <value>
                <![CDATA["Create User"]]>
              </value>
            </param>
          </params>
          <reporter-output>
          </reporter-output>
        </test-method> <!-- runScenario -->
        <test-method signature="runScenario(io.cucumber.testng.PickleWrapper,io.cucumber.testng.FeatureWrapper)[pri:0, instance:com.automation.runners.TestRunner@60d8c0dc]" started-at="2026-04-10T23:40:27 IST" name="runScenario" description="Runs Cucumber Scenarios" data-provider="scenarios" finished-at="2026-04-10T23:40:27 IST" duration-ms="154" status="PASS">
          <params>
            <param index="0">
              <value>
                <![CDATA["Create multiple users with different roles"]]>
              </value>
            </param>
            <param index="1">
              <value>
                <![CDATA["Create User"]]>
              </value>
            </param>
          </params>
          <reporter-output>
          </reporter-output>
        </test-method> <!-- runScenario -->
        <test-method signature="runScenario(io.cucumber.testng.PickleWrapper,io.cucumber.testng.FeatureWrapper)[pri:0, instance:com.automation.runners.TestRunner@60d8c0dc]" started-at="2026-04-10T23:40:27 IST" name="runScenario" description="Runs Cucumber Scenarios" data-provider="scenarios" finished-at="2026-04-10T23:40:27 IST" duration-ms="130" status="PASS">
          <params>
            <param index="0">
              <value>
                <![CDATA["Create multiple users with different roles"]]>
              </value>
            </param>
            <param index="1">
              <value>
                <![CDATA["Create User"]]>
              </value>
            </param>
          </params>
          <reporter-output>
          </reporter-output>
        </test-method> <!-- runScenario -->
        <test-method signature="runScenario(io.cucumber.testng.PickleWrapper,io.cucumber.testng.FeatureWrapper)[pri:0, instance:com.automation.runners.TestRunner@60d8c0dc]" started-at="2026-04-10T23:40:27 IST" name="runScenario" description="Runs Cucumber Scenarios" data-provider="scenarios" finished-at="2026-04-10T23:40:27 IST" duration-ms="161" status="PASS">
          <params>
            <param index="0">
              <value>
                <![CDATA["Create multiple users with different roles"]]>
              </value>
            </param>
            <param index="1">
              <value>
                <![CDATA["Create User"]]>
              </value>
            </param>
          </params>
          <reporter-output>
          </reporter-output>
        </test-method> <!-- runScenario -->
        <test-method signature="runScenario(io.cucumber.testng.PickleWrapper,io.cucumber.testng.FeatureWrapper)[pri:0, instance:com.automation.runners.TestRunner@60d8c0dc]" started-at="2026-04-10T23:40:27 IST" name="runScenario" description="Runs Cucumber Scenarios" data-provider="scenarios" finished-at="2026-04-10T23:40:27 IST" duration-ms="141" status="PASS">
          <params>
            <param index="0">
              <value>
                <![CDATA["Successfully delete a user by ID"]]>
              </value>
            </param>
            <param index="1">
              <value>
                <![CDATA["Delete User"]]>
              </value>
            </param>
          </params>
          <reporter-output>
          </reporter-output>
        </test-method> <!-- runScenario -->
        <test-method signature="runScenario(io.cucumber.testng.PickleWrapper,io.cucumber.testng.FeatureWrapper)[pri:0, instance:com.automation.runners.TestRunner@60d8c0dc]" started-at="2026-04-10T23:40:27 IST" name="runScenario" description="Runs Cucumber Scenarios" data-provider="scenarios" finished-at="2026-04-10T23:40:27 IST" duration-ms="152" status="PASS">
          <params>
            <param index="0">
              <value>
                <![CDATA["Successfully retrieve all users (default page)"]]>
              </value>
            </param>
            <param index="1">
              <value>
                <![CDATA["Get All Users"]]>
              </value>
            </param>
          </params>
          <reporter-output>
          </reporter-output>
        </test-method> <!-- runScenario -->
        <test-method signature="runScenario(io.cucumber.testng.PickleWrapper,io.cucumber.testng.FeatureWrapper)[pri:0, instance:com.automation.runners.TestRunner@60d8c0dc]" started-at="2026-04-10T23:40:27 IST" name="runScenario" description="Runs Cucumber Scenarios" data-provider="scenarios" finished-at="2026-04-10T23:40:27 IST" duration-ms="90" status="PASS">
          <params>
            <param index="0">
              <value>
                <![CDATA["Successfully retrieve an existing user by ID"]]>
              </value>
            </param>
            <param index="1">
              <value>
                <![CDATA["Get Single User"]]>
              </value>
            </param>
          </params>
          <reporter-output>
          </reporter-output>
        </test-method> <!-- runScenario -->
        <test-method signature="runScenario(io.cucumber.testng.PickleWrapper,io.cucumber.testng.FeatureWrapper)[pri:0, instance:com.automation.runners.TestRunner@60d8c0dc]" started-at="2026-04-10T23:40:27 IST" name="runScenario" description="Runs Cucumber Scenarios" data-provider="scenarios" finished-at="2026-04-10T23:40:28 IST" duration-ms="257" status="PASS">
          <params>
            <param index="0">
              <value>
                <![CDATA["Successfully update a user using PUT"]]>
              </value>
            </param>
            <param index="1">
              <value>
                <![CDATA["Update User"]]>
              </value>
            </param>
          </params>
          <reporter-output>
          </reporter-output>
        </test-method> <!-- runScenario -->
        <test-method signature="runScenario(io.cucumber.testng.PickleWrapper,io.cucumber.testng.FeatureWrapper)[pri:0, instance:com.automation.runners.TestRunner@60d8c0dc]" started-at="2026-04-10T23:40:28 IST" name="runScenario" description="Runs Cucumber Scenarios" data-provider="scenarios" finished-at="2026-04-10T23:40:28 IST" duration-ms="175" status="PASS">
          <params>
            <param index="0">
              <value>
                <![CDATA["Successfully partial update a user using PATCH"]]>
              </value>
            </param>
            <param index="1">
              <value>
                <![CDATA["Update User"]]>
              </value>
            </param>
          </params>
          <reporter-output>
          </reporter-output>
        </test-method> <!-- runScenario -->
        <test-method signature="runScenario(io.cucumber.testng.PickleWrapper,io.cucumber.testng.FeatureWrapper)[pri:0, instance:com.automation.runners.TestRunner@60d8c0dc]" started-at="2026-04-10T23:40:28 IST" name="runScenario" description="Runs Cucumber Scenarios" data-provider="scenarios" finished-at="2026-04-10T23:40:28 IST" duration-ms="364" status="PASS">
          <params>
            <param index="0">
              <value>
                <![CDATA["Update different users with PUT"]]>
              </value>
            </param>
            <param index="1">
              <value>
                <![CDATA["Update User"]]>
              </value>
            </param>
          </params>
          <reporter-output>
          </reporter-output>
        </test-method> <!-- runScenario -->
        <test-method signature="runScenario(io.cucumber.testng.PickleWrapper,io.cucumber.testng.FeatureWrapper)[pri:0, instance:com.automation.runners.TestRunner@60d8c0dc]" started-at="2026-04-10T23:40:28 IST" name="runScenario" description="Runs Cucumber Scenarios" data-provider="scenarios" finished-at="2026-04-10T23:40:28 IST" duration-ms="182" status="PASS">
          <params>
            <param index="0">
              <value>
                <![CDATA["Update different users with PUT"]]>
              </value>
            </param>
            <param index="1">
              <value>
                <![CDATA["Update User"]]>
              </value>
            </param>
          </params>
          <reporter-output>
          </reporter-output>
        </test-method> <!-- runScenario -->
        <test-method signature="runScenario(io.cucumber.testng.PickleWrapper,io.cucumber.testng.FeatureWrapper)[pri:0, instance:com.automation.runners.TestRunner@60d8c0dc]" started-at="2026-04-10T23:40:28 IST" name="runScenario" description="Runs Cucumber Scenarios" data-provider="scenarios" finished-at="2026-04-10T23:40:29 IST" duration-ms="290" status="PASS">
          <params>
            <param index="0">
              <value>
                <![CDATA["Update different users with PUT"]]>
              </value>
            </param>
            <param index="1">
              <value>
                <![CDATA["Update User"]]>
              </value>
            </param>
          </params>
          <reporter-output>
          </reporter-output>
        </test-method> <!-- runScenario -->
        <test-method is-config="true" signature="tearDownClass()[pri:0, instance:com.automation.runners.TestRunner@60d8c0dc]" started-at="2026-04-10T23:40:29 IST" name="tearDownClass" finished-at="2026-04-10T23:40:29 IST" duration-ms="163" status="PASS">
          <reporter-output>
          </reporter-output>
        </test-method> <!-- tearDownClass -->
      </class> <!-- com.automation.runners.TestRunner -->
    </test> <!-- Default test -->
  </suite> <!-- Default suite -->
</testng-results>
