<?xml version="1.0" encoding="UTF-8"?>
<!-- Generated by org.testng.reporters.JUnitReportReporter -->
<testsuite hostname="PG02KXSP" failures="0" tests="14" name="com.automation.runners.TestRunner" time="7.962" errors="0" timestamp="2026-04-10T23:40:30 IST" skipped="0">
  <testcase classname="com.automation.runners.TestRunner" name="runScenario" time="0.141"/>
  <testcase classname="com.automation.runners.TestRunner" name="runScenario" time="0.257"/>
  <testcase classname="com.automation.runners.TestRunner" name="runScenario" time="0.290"/>
  <testcase classname="com.automation.runners.TestRunner" name="runScenario" time="0.278"/>
  <testcase classname="com.automation.runners.TestRunner" name="runScenario" time="5.369"/>
  <testcase classname="com.automation.runners.TestRunner" name="runScenario" time="0.182"/>
  <testcase classname="com.automation.runners.TestRunner" name="runScenario" time="0.161"/>
  <testcase classname="com.automation.runners.TestRunner" name="runScenario" time="0.219"/>
  <testcase classname="com.automation.runners.TestRunner" name="runScenario" time="0.130"/>
  <testcase classname="com.automation.runners.TestRunner" name="runScenario" time="0.364"/>
  <testcase classname="com.automation.runners.TestRunner" name="runScenario" time="0.152"/>
  <testcase classname="com.automation.runners.TestRunner" name="runScenario" time="0.175"/>
  <testcase classname="com.automation.runners.TestRunner" name="runScenario" time="0.154"/>
  <testcase classname="com.automation.runners.TestRunner" name="runScenario" time="0.090"/>
</testsuite> <!-- com.automation.runners.TestRunner -->
